<tr>
<td>FM-3.6.1-refined.cnf</td>
<td>45</td>
<td>104</td>
<td>28</td>
<td>0.006689</td>
<td>26256</td>
</tr>
<tr>
<td>FM-3.6.1-refined_t.cnf</td>
<td>87</td>
<td>213</td>
<td>28</td>
<td>0.005746</td>
<td>7157287750</td>
</tr>
<tr>
<td>FM-3.6.1-refined.cnf</td>
<td>45</td>
<td>104</td>
<td>28</td>
<td>0.009808</td>
<td>26256</td>
</tr>
<tr>
<td>FM-3.6.1-refined_t.cnf</td>
<td>87</td>
<td>213</td>
<td>28</td>
<td>0.004844</td>
<td>7157287750</td>
</tr>
<tr>
<td>FM-3.6.1-refined.cnf</td>
<td>45</td>
<td>104</td>
<td>28</td>
<td>0.004462</td>
<td>26256</td>
</tr>
<tr>
<td>FM-3.6.1-refined_t.cnf</td>
<td>87</td>
<td>216</td>
<td>29</td>
<td>0.004858</td>
<td>7157287750</td>
</tr>
<tr>
<td>FM-3.6.1-refined.cnf</td>
<td>45</td>
<td>104</td>
<td>28</td>
<td>0.007938</td>
<td>26256</td>
</tr>
<tr>
<td>FM-3.6.1-refined_t.cnf</td>
<td>87</td>
<td>216</td>
<td>29</td>
<td>0.005891</td>
<td>7157287750</td>
</tr>
<tr>
<td>FM-3.6.1-refined.cnf</td>
<td>45</td>
<td>104</td>
<td>28</td>
<td>0.00367</td>
<td>26256</td>
</tr>
<tr>
<td>FM-3.6.1-refined_t.cnf</td>
<td>87</td>
<td>216</td>
<td>29</td>
<td>0.004632</td>
<td>7157287750</td>
</tr>
<tr>
<td>FM-3.6.1-refined.cnf</td>
<td>45</td>
<td>104</td>
<td>28</td>
<td>0.006944</td>
<td>26256</td>
</tr>
<tr>
<td>FM-3.6.1-refined_t.cnf</td>
<td>87</td>
<td>223</td>
<td>38</td>
<td>0.00679</td>
<td>7157287750</td>
</tr>
<tr>
<td>FM-3.6.1-refined.cnf</td>
<td>45</td>
<td>104</td>
<td>28</td>
<td>0.004696</td>
<td>26256</td>
</tr>
<tr>
<td>FM-3.6.1-refined_t.cnf</td>
<td>87</td>
<td>217</td>
<td>36</td>
<td>0.003823</td>
<td>7157287750</td>
</tr>
<tr>
<td>FM-3.6.1-refined.cnf</td>
<td>45</td>
<td>104</td>
<td>28</td>
<td>0.013707</td>
<td>26256</td>
</tr>
<tr>
<td>FM-3.6.1-refined_t.cnf</td>
<td>87</td>
<td>216</td>
<td>29</td>
<td>0.005967</td>
<td>7157287750</td>
</tr>
<tr>
<td>FM-3.6.1-refined.cnf</td>
<td>45</td>
<td>104</td>
<td>28</td>
<td>0.003664</td>
<td>26256</td>
</tr>
<tr>
<td>FM-3.6.1-refined_t.cnf</td>
<td>87</td>
<td>221</td>
<td>34</td>
<td>0.00479</td>
<td>7157287750</td>
</tr>
<tr>
<td>FM-3.6.1-refined.cnf</td>
<td>45</td>
<td>104</td>
<td>28</td>
<td>0.006944</td>
<td>26256</td>
</tr>
<tr>
<td>FM-3.6.1-refined_t.cnf</td>
<td>87</td>
<td>218</td>
<td>33</td>
<td>0.005875</td>
<td>7157287750</td>
</tr>
<tr>
<td>FM-3.6.1-refined.cnf</td>
<td>45</td>
<td>104</td>
<td>28</td>
<td>0.005075</td>
<td>26256</td>
</tr>
<tr>
<td>FM-3.6.1-refined_t.cnf</td>
<td>87</td>
<td>214</td>
<td>25</td>
<td>0.004759</td>
<td>7157287750</td>
</tr>
<tr>
<td>FM-3.6.1-refined.cnf</td>
<td>45</td>
<td>104</td>
<td>28</td>
<td>0.005172</td>
<td>26256</td>
</tr>
<tr>
<td>FM-3.6.1-refined_t.cnf</td>
<td>87</td>
<td>214</td>
<td>25</td>
<td>0.005352</td>
<td>7157287750</td>
</tr>
<tr>
<td>FM-3.6.1-refined.cnf</td>
<td>45</td>
<td>104</td>
<td>28</td>
<td>0.005118</td>
<td>26256</td>
</tr>
<tr>
<td>FM-3.6.1-refined_t.cnf</td>
<td>87</td>
<td>218</td>
<td>33</td>
<td>0.003844</td>
<td>7157287750</td>
</tr>
<tr>
<td>FM-3.6.1-refined.cnf</td>
<td>45</td>
<td>104</td>
<td>28</td>
<td>0.005812</td>
<td>26256</td>
</tr>
<tr>
<td>FM-3.6.1-refined_t.cnf</td>
<td>87</td>
<td>218</td>
<td>33</td>
<td>0.003848</td>
<td>7157287750</td>
</tr>
<tr>
<td>FM-3.6.1-refined.cnf</td>
<td>45</td>
<td>104</td>
<td>28</td>
<td>0.013322</td>
<td>26256</td>
</tr>
<tr>
<td>FM-3.6.1-refined_t.cnf</td>
<td>87</td>
<td>216</td>
<td>29</td>
<td>0.009988</td>
<td>7157287750</td>
</tr>
<tr>
<td>FM-3.6.1-refined.cnf</td>
<td>45</td>
<td>104</td>
<td>28</td>
<td>0.003454</td>
<td>26256</td>
</tr>
<tr>
<td>FM-3.6.1-refined_t.cnf</td>
<td>87</td>
<td>223</td>
<td>38</td>
<td>0.00533</td>
<td>7157287750</td>
</tr>
<tr>
<td>FM-3.6.1-refined.cnf</td>
<td>45</td>
<td>104</td>
<td>28</td>
<td>0.006426</td>
<td>26256</td>
</tr>
<tr>
<td>FM-3.6.1-refined_t.cnf</td>
<td>87</td>
<td>216</td>
<td>29</td>
<td>0.006518</td>
<td>7157287750</td>
</tr>
<tr>
<td>FM-3.6.1-refined.cnf</td>
<td>45</td>
<td>104</td>
<td>28</td>
<td>0.004495</td>
<td>26256</td>
</tr>
<tr>
<td>FM-3.6.1-refined_t.cnf</td>
<td>87</td>
<td>217</td>
<td>26</td>
<td>0.0048</td>
<td>7157287750</td>
</tr>
<tr>
<td>FM-3.6.1-refined.cnf</td>
<td>45</td>
<td>104</td>
<td>28</td>
<td>0.006593</td>
<td>26256</td>
</tr>
<tr>
<td>FM-3.6.1-refined_t.cnf</td>
<td>87</td>
<td>215</td>
<td>32</td>
<td>0.007591</td>
<td>7157287750</td>
</tr>
<tr>
<td>FM-3.6.1-refined.cnf</td>
<td>45</td>
<td>104</td>
<td>28</td>
<td>0.004435</td>
<td>26256</td>
</tr>
<tr>
<td>FM-3.6.1-refined_t.cnf</td>
<td>87</td>
<td>213</td>
<td>28</td>
<td>0.003897</td>
<td>7157287750</td>
</tr>
<tr>
<td>FM-3.6.1-refined.cnf</td>
<td>45</td>
<td>104</td>
<td>28</td>
<td>0.007838</td>
<td>26256</td>
</tr>
<tr>
<td>FM-3.6.1-refined_t.cnf</td>
<td>87</td>
<td>218</td>
<td>33</td>
<td>0.011214</td>
<td>7157287750</td>
</tr>
<tr>
<td>FM-3.6.1-refined.cnf</td>
<td>45</td>
<td>104</td>
<td>28</td>
<td>0.005048</td>
<td>26256</td>
</tr>
<tr>
<td>FM-3.6.1-refined_t.cnf</td>
<td>87</td>
<td>216</td>
<td>29</td>
<td>0.004853</td>
<td>7157287750</td>
</tr>
<tr>
<td>FM-3.6.1-refined.cnf</td>
<td>45</td>
<td>104</td>
<td>28</td>
<td>0.01186</td>
<td>26256</td>
</tr>
<tr>
<td>FM-3.6.1-refined_t.cnf</td>
<td>87</td>
<td>215</td>
<td>32</td>
<td>0.007884</td>
<td>7157287750</td>
</tr>
<tr>
<td>FM-3.6.1-refined.cnf</td>
<td>45</td>
<td>104</td>
<td>28</td>
<td>0.00364</td>
<td>26256</td>
</tr>
<tr>
<td>FM-3.6.1-refined_t.cnf</td>
<td>87</td>
<td>216</td>
<td>29</td>
<td>0.00455</td>
<td>7157287750</td>
</tr>
<tr>
<td>FM-3.6.1-refined.cnf</td>
<td>45</td>
<td>104</td>
<td>28</td>
<td>0.006502</td>
<td>26256</td>
</tr>
<tr>
<td>FM-3.6.1-refined_t.cnf</td>
<td>87</td>
<td>217</td>
<td>36</td>
<td>0.006319</td>
<td>7157287750</td>
</tr>
<tr>
<td>FM-3.6.1-refined.cnf</td>
<td>45</td>
<td>104</td>
<td>28</td>
<td>0.010169</td>
<td>26256</td>
</tr>
<tr>
<td>FM-3.6.1-refined_t.cnf</td>
<td>87</td>
<td>220</td>
<td>37</td>
<td>0.007729</td>
<td>7157287750</td>
</tr>
<tr>
<td>FM-3.6.1-refined.cnf</td>
<td>45</td>
<td>104</td>
<td>28</td>
<td>0.006494</td>
<td>26256</td>
</tr>
<tr>
<td>FM-3.6.1-refined_t.cnf</td>
<td>87</td>
<td>215</td>
<td>32</td>
<td>0.007567</td>
<td>7157287750</td>
</tr>
<tr>
<td>FM-3.6.1-refined.cnf</td>
<td>45</td>
<td>104</td>
<td>28</td>
<td>0.00557</td>
<td>26256</td>
</tr>
<tr>
<td>FM-3.6.1-refined_t.cnf</td>
<td>87</td>
<td>214</td>
<td>25</td>
<td>0.005699</td>
<td>7157287750</td>
</tr>
<tr>
<td>FM-3.6.1-refined.cnf</td>
<td>45</td>
<td>104</td>
<td>28</td>
<td>0.003744</td>
<td>26256</td>
</tr>
<tr>
<td>FM-3.6.1-refined_t.cnf</td>
<td>87</td>
<td>216</td>
<td>29</td>
<td>0.006766</td>
<td>7157287750</td>
</tr>
<tr>
<td>FM-3.6.1-refined.cnf</td>
<td>45</td>
<td>104</td>
<td>28</td>
<td>0.011959</td>
<td>26256</td>
</tr>
<tr>
<td>FM-3.6.1-refined_t.cnf</td>
<td>87</td>
<td>217</td>
<td>36</td>
<td>0.020827</td>
<td>7157287750</td>
</tr>
<tr>
<td>FM-3.6.1-refined.cnf</td>
<td>45</td>
<td>104</td>
<td>28</td>
<td>0.004933</td>
<td>26256</td>
</tr>
<tr>
<td>FM-3.6.1-refined_t.cnf</td>
<td>87</td>
<td>216</td>
<td>29</td>
<td>0.004298</td>
<td>7157287750</td>
</tr>
<tr>
<td>FM-3.6.1-refined.cnf</td>
<td>45</td>
<td>104</td>
<td>28</td>
<td>0.009615</td>
<td>26256</td>
</tr>
<tr>
<td>FM-3.6.1-refined_t.cnf</td>
<td>87</td>
<td>213</td>
<td>28</td>
<td>0.011103</td>
<td>7157287750</td>
</tr>
<tr>
<td>FM-3.6.1-refined.cnf</td>
<td>45</td>
<td>104</td>
<td>28</td>
<td>0.004937</td>
<td>26256</td>
</tr>
<tr>
<td>FM-3.6.1-refined_t.cnf</td>
<td>87</td>
<td>215</td>
<td>32</td>
<td>0.003935</td>
<td>7157287750</td>
</tr>
<tr>
<td>FM-3.6.1-refined.cnf</td>
<td>45</td>
<td>104</td>
<td>28</td>
<td>0.007901</td>
<td>26256</td>
</tr>
<tr>
<td>FM-3.6.1-refined_t.cnf</td>
<td>87</td>
<td>221</td>
<td>34</td>
<td>0.008053</td>
<td>7157287750</td>
</tr>
<tr>
<td>FM-3.6.1-refined.cnf</td>
<td>45</td>
<td>104</td>
<td>28</td>
<td>0.004387</td>
<td>26256</td>
</tr>
<tr>
<td>FM-3.6.1-refined_t.cnf</td>
<td>87</td>
<td>217</td>
<td>26</td>
<td>0.00445</td>
<td>7157287750</td>
</tr>
<tr>
<td>FM-3.6.1-refined.cnf</td>
<td>45</td>
<td>104</td>
<td>28</td>
<td>0.006222</td>
<td>26256</td>
</tr>
<tr>
<td>FM-3.6.1-refined_t.cnf</td>
<td>87</td>
<td>220</td>
<td>37</td>
<td>0.010805</td>
<td>7157287750</td>
</tr>
<tr>
<td>FM-3.6.1-refined.cnf</td>
<td>45</td>
<td>104</td>
<td>28</td>
<td>0.004381</td>
<td>26256</td>
</tr>
<tr>
<td>FM-3.6.1-refined_t.cnf</td>
<td>87</td>
<td>216</td>
<td>29</td>
<td>0.004047</td>
<td>7157287750</td>
</tr>
<tr>
<td>FM-3.6.1-refined.cnf</td>
<td>45</td>
<td>104</td>
<td>28</td>
<td>0.011738</td>
<td>26256</td>
</tr>
<tr>
<td>FM-3.6.1-refined_t.cnf</td>
<td>87</td>
<td>217</td>
<td>36</td>
<td>0.007645</td>
<td>7157287750</td>
</tr>
<tr>
<td>FM-3.6.1-refined.cnf</td>
<td>45</td>
<td>104</td>
<td>28</td>
<td>0.008596</td>
<td>26256</td>
</tr>
<tr>
<td>FM-3.6.1-refined_t.cnf</td>
<td>87</td>
<td>213</td>
<td>28</td>
<td>0.005089</td>
<td>7157287750</td>
</tr>
<tr>
<td>FM-3.6.1-refined.cnf</td>
<td>45</td>
<td>104</td>
<td>28</td>
<td>0.006934</td>
<td>26256</td>
</tr>
<tr>
<td>FM-3.6.1-refined_t.cnf</td>
<td>87</td>
<td>215</td>
<td>32</td>
<td>0.005204</td>
<td>7157287750</td>
</tr>
<tr>
<td>FM-3.6.1-refined.cnf</td>
<td>45</td>
<td>104</td>
<td>28</td>
<td>0.004311</td>
<td>26256</td>
</tr>
<tr>
<td>FM-3.6.1-refined_t.cnf</td>
<td>87</td>
<td>219</td>
<td>30</td>
<td>0.004734</td>
<td>7157287750</td>
</tr>
<tr>
<td>FM-3.6.1-refined.cnf</td>
<td>45</td>
<td>104</td>
<td>28</td>
<td>0.005932</td>
<td>26256</td>
</tr>
<tr>
<td>FM-3.6.1-refined_t.cnf</td>
<td>87</td>
<td>219</td>
<td>30</td>
<td>0.009218</td>
<td>7157287750</td>
</tr>
<tr>
<td>FM-3.6.1-refined.cnf</td>
<td>45</td>
<td>104</td>
<td>28</td>
<td>0.004708</td>
<td>26256</td>
</tr>
<tr>
<td>FM-3.6.1-refined_t.cnf</td>
<td>87</td>
<td>218</td>
<td>33</td>
<td>0.004807</td>
<td>7157287750</td>
</tr>
